<?xml version="1.0" encoding="UTF-8"?>
<!-- Generated by org.testng.reporters.JUnitReportReporter -->
<testsuite hostname="DESKTOP-ML248P1" failures="0" tests="1" name="com.Rest.Api.Schema.CheckSchemaTest" time="3.653" errors="0" timestamp="2022-12-18T19:00:53 GMT-05:00" skipped="0">
  <testcase classname="com.Rest.Api.Schema.CheckSchemaTest" name="bookings_Schema_Test" time="3.653"/>
  <system-out/>
</testsuite> <!-- com.Rest.Api.Schema.CheckSchemaTest -->
