<?xml version="1.0" encoding="UTF-8"?>
<!-- Generated by org.testng.reporters.JUnitReportReporter -->
<testsuite hostname="DESKTOP-ML248P1" failures="0" tests="1" name="com.Rest.Api.Authentication.OAuth2APITest" time="2.628" errors="0" timestamp="2022-12-11T12:33:45 GMT-05:00" skipped="0">
  <testcase classname="com.Rest.Api.Authentication.OAuth2APITest" name="CheckOAuth2Test" time="2.628"/>
  <system-out/>
</testsuite> <!-- com.Rest.Api.Authentication.OAuth2APITest -->
