<?xml version="1.0" encoding="UTF-8"?>
<!-- Generated by org.testng.reporters.JUnitReportReporter -->
<testsuite hostname="DESKTOP-ML248P1" failures="0" tests="1" name="com.Rest.Api.Get.GetNonBDDApi" time="3.829" errors="0" timestamp="2023-07-09T11:33:29 GMT-04:00" skipped="0">
  <testcase classname="com.Rest.Api.Get.GetNonBDDApi" name="getUser_non_Bdd_Test" time="3.829"/>
  <system-out/>
</testsuite> <!-- com.Rest.Api.Get.GetNonBDDApi -->
