<?xml version="1.0" encoding="UTF-8"?>
<!-- Generated by org.testng.reporters.JUnitReportReporter -->
<testsuite hostname="DESKTOP-ML248P1" failures="0" tests="1" name="com.Rest.Api.PUT.PUTAPITest" time="6.401" errors="0" timestamp="2022-12-22T11:29:35 GMT-05:00" skipped="0">
  <testcase classname="com.Rest.Api.PUT.PUTAPITest" name="update_user_PUT_API_Test" time="6.401"/>
  <system-out/>
</testsuite> <!-- com.Rest.Api.PUT.PUTAPITest -->
