<?xml version="1.0" encoding="UTF-8"?>
<!-- Generated by org.testng.reporters.JUnitReportReporter -->
<testsuite hostname="DESKTOP-ML248P1" failures="0" tests="1" name="com.Rest.Api.Authentication.AuthApi" time="4.165" errors="0" timestamp="2022-12-23T12:12:24 GMT-05:00" skipped="0">
  <testcase classname="com.Rest.Api.Authentication.AuthApi" name="BasicAuth_FORM_Api_Test" time="4.165"/>
  <system-out/>
</testsuite> <!-- com.Rest.Api.Authentication.AuthApi -->
