<?xml version="1.0" encoding="UTF-8"?>
<!-- Generated by org.testng.reporters.JUnitReportReporter -->
<testsuite hostname="DESKTOP-ML248P1" failures="0" tests="1" name="com.Rest.Api.Get.GetBddApis" time="3.612" errors="0" timestamp="2023-02-04T13:26:13 GMT-05:00" skipped="0">
  <testcase classname="com.Rest.Api.Get.GetBddApis" name="GetApiCircuitTest2" time="3.612"/>
  <system-out/>
</testsuite> <!-- com.Rest.Api.Get.GetBddApis -->
