<?xml version="1.0" encoding="UTF-8"?>
<!-- Generated by org.testng.reporters.JUnitReportReporter -->
<testsuite hostname="DESKTOP-ML248P1" failures="0" tests="1" name="com.Rest.Api.HTTPCLIENT.HttpGetMethod" time="2.605" errors="0" timestamp="2023-02-27T22:32:44 GMT-05:00" skipped="0">
  <testcase classname="com.Rest.Api.HTTPCLIENT.HttpGetMethod" name="HttpGetRequest" time="2.605"/>
  <system-out/>
</testsuite> <!-- com.Rest.Api.HTTPCLIENT.HttpGetMethod -->
