<?xml version="1.0" encoding="UTF-8"?>
<!-- Generated by org.testng.reporters.JUnitReportReporter -->
<testsuite hostname="DESKTOP-ML248P1" failures="0" tests="4" name="com.Rest.Api.Authentication.AuthApi" time="5.311" errors="0" timestamp="2022-12-11T11:47:14 GMT-05:00" skipped="0">
  <testcase classname="com.Rest.Api.Authentication.AuthApi" name="Oauth_API_Test_with_AuthHeader" time="0.595"/>
  <system-out/>
  <testcase classname="com.Rest.Api.Authentication.AuthApi" name="Oauth1_API_Test" time="0.579"/>
  <system-out/>
  <testcase classname="com.Rest.Api.Authentication.AuthApi" name="BasicAuthApi_Test" time="2.991"/>
  <system-out/>
  <testcase classname="com.Rest.Api.Authentication.AuthApi" name="Oauth_API_TwoQueryParams_Api" time="1.146"/>
  <system-out/>
</testsuite> <!-- com.Rest.Api.Authentication.AuthApi -->
