<?xml version="1.0" encoding="UTF-8"?>
<!-- Generated by org.testng.reporters.JUnitReportReporter -->
<testsuite hostname="DESKTOP-ML248P1" failures="0" tests="1" name="com.Rest.Api.Post.PostApiWithPOJO" time="5.148" errors="0" timestamp="2022-12-20T18:00:18 GMT-05:00" skipped="0">
  <testcase classname="com.Rest.Api.Post.PostApiWithPOJO" name="createuser_With_Pojo_Test" time="5.148"/>
  <system-out/>
</testsuite> <!-- com.Rest.Api.Post.PostApiWithPOJO -->
