<?xml version="1.0" encoding="UTF-8"?>
<!-- Generated by org.testng.reporters.JUnitReportReporter -->
<testsuite hostname="DESKTOP-ML248P1" failures="0" tests="3" name="com.Rest.Api.Get.GetNonBDDApi" time="6.376" errors="0" timestamp="2022-12-23T13:33:52 GMT-05:00" skipped="0">
  <testcase classname="com.Rest.Api.Get.GetNonBDDApi" name="getUser_non_Bdd_HASHMAP_WithParameter_Test" time="4.667"/>
  <system-out/>
  <testcase classname="com.Rest.Api.Get.GetNonBDDApi" name="getUser_non_Bdd_WithParameter_Test" time="0.555"/>
  <system-out/>
  <testcase classname="com.Rest.Api.Get.GetNonBDDApi" name="getUser_non_Bdd_Test" time="1.154"/>
  <system-out/>
</testsuite> <!-- com.Rest.Api.Get.GetNonBDDApi -->
