<?xml version="1.0" encoding="UTF-8"?>
<!-- Generated by org.testng.reporters.JUnitReportReporter -->
<testsuite hostname="DESKTOP-ML248P1" failures="0" tests="3" name="com.Rest.Api.Get.PostCalls" time="7.395" errors="0" timestamp="2022-12-17T11:57:06 GMT-05:00" skipped="0">
  <testcase classname="com.Rest.Api.Get.PostCalls" name="Token_BDD_Post_Call_API_USER_TEST" time="1.343"/>
  <system-out/>
  <testcase classname="com.Rest.Api.Get.PostCalls" name="Token_BDD_Post_Call_API_FILE_TEST" time="5.644"/>
  <system-out/>
  <testcase classname="com.Rest.Api.Get.PostCalls" name="Token_BDD_Post_Call_API_TEST" time="0.408"/>
  <system-out/>
</testsuite> <!-- com.Rest.Api.Get.PostCalls -->
